<?xml version="1.0" encoding="UTF-8"?>
<testng-results ignored="0" total="11" passed="11" failed="0" skipped="0">
  <reporter-output>
  </reporter-output>
  <suite started-at="2025-06-30T14:30:49 IST" name="suite" finished-at="2025-06-30T14:30:49 IST" duration-ms="460">
    <groups>
    </groups>
    <test started-at="2025-06-30T14:30:49 IST" name="test1" finished-at="2025-06-30T14:30:49 IST" duration-ms="116">
      <class name="parallelTesting.Test1">
        <test-method signature="testMethod2()[pri:0, instance:parallelTesting.Test1@618b19ad]" started-at="2025-06-30T14:30:49 IST" name="testMethod2" finished-at="2025-06-30T14:30:49 IST" duration-ms="14" status="PASS">
          <reporter-output>
          </reporter-output>
        </test-method> <!-- testMethod2 -->
        <test-method signature="testMethod1()[pri:0, instance:parallelTesting.Test1@618b19ad]" started-at="2025-06-30T14:30:49 IST" name="testMethod1" finished-at="2025-06-30T14:30:49 IST" duration-ms="14" status="PASS">
          <reporter-output>
          </reporter-output>
        </test-method> <!-- testMethod1 -->
        <test-method signature="testMethod3()[pri:0, instance:parallelTesting.Test1@618b19ad]" started-at="2025-06-30T14:30:49 IST" name="testMethod3" finished-at="2025-06-30T14:30:49 IST" duration-ms="3" status="PASS">
          <reporter-output>
          </reporter-output>
        </test-method> <!-- testMethod3 -->
        <test-method signature="testMethod4()[pri:0, instance:parallelTesting.Test1@618b19ad]" started-at="2025-06-30T14:30:49 IST" name="testMethod4" finished-at="2025-06-30T14:30:49 IST" duration-ms="3" status="PASS">
          <reporter-output>
          </reporter-output>
        </test-method> <!-- testMethod4 -->
      </class> <!-- parallelTesting.Test1 -->
    </test> <!-- test1 -->
    <test started-at="2025-06-30T14:30:49 IST" name="test2" finished-at="2025-06-30T14:30:49 IST" duration-ms="17">
      <class name="parallelTesting.Test2">
        <test-method signature="testMethod6()[pri:0, instance:parallelTesting.Test2@544fa968]" started-at="2025-06-30T14:30:49 IST" name="testMethod6" finished-at="2025-06-30T14:30:49 IST" duration-ms="4" status="PASS">
          <reporter-output>
          </reporter-output>
        </test-method> <!-- testMethod6 -->
        <test-method signature="testMethod5()[pri:0, instance:parallelTesting.Test2@544fa968]" started-at="2025-06-30T14:30:49 IST" name="testMethod5" finished-at="2025-06-30T14:30:49 IST" duration-ms="3" status="PASS">
          <reporter-output>
          </reporter-output>
        </test-method> <!-- testMethod5 -->
        <test-method signature="testMethod7()[pri:0, instance:parallelTesting.Test2@544fa968]" started-at="2025-06-30T14:30:49 IST" name="testMethod7" finished-at="2025-06-30T14:30:49 IST" duration-ms="2" status="PASS">
          <reporter-output>
          </reporter-output>
        </test-method> <!-- testMethod7 -->
      </class> <!-- parallelTesting.Test2 -->
    </test> <!-- test2 -->
    <test started-at="2025-06-30T14:30:49 IST" name="test3" finished-at="2025-06-30T14:30:49 IST" duration-ms="24">
      <class name="parallelTesting.Test3">
        <test-method signature="testMethod10()[pri:0, instance:parallelTesting.Test3@77f1baf5]" started-at="2025-06-30T14:30:49 IST" name="testMethod10" finished-at="2025-06-30T14:30:49 IST" duration-ms="2" status="PASS">
          <reporter-output>
          </reporter-output>
        </test-method> <!-- testMethod10 -->
        <test-method signature="testMethod11()[pri:0, instance:parallelTesting.Test3@77f1baf5]" started-at="2025-06-30T14:30:49 IST" name="testMethod11" finished-at="2025-06-30T14:30:49 IST" duration-ms="2" status="PASS">
          <reporter-output>
          </reporter-output>
        </test-method> <!-- testMethod11 -->
        <test-method signature="testMethod8()[pri:0, instance:parallelTesting.Test3@77f1baf5]" started-at="2025-06-30T14:30:49 IST" name="testMethod8" finished-at="2025-06-30T14:30:49 IST" duration-ms="3" status="PASS">
          <reporter-output>
          </reporter-output>
        </test-method> <!-- testMethod8 -->
        <test-method signature="testMethod9()[pri:0, instance:parallelTesting.Test3@77f1baf5]" started-at="2025-06-30T14:30:49 IST" name="testMethod9" finished-at="2025-06-30T14:30:49 IST" duration-ms="4" status="PASS">
          <reporter-output>
          </reporter-output>
        </test-method> <!-- testMethod9 -->
      </class> <!-- parallelTesting.Test3 -->
    </test> <!-- test3 -->
  </suite> <!-- suite -->
</testng-results>
