<?xml version="1.0" encoding="UTF-8"?>
<testng-results ignored="0" total="2" passed="2" failed="0" skipped="0">
  <reporter-output>
  </reporter-output>
  <suite started-at="2024-12-30T19:31:00 GMT+12:00" name="Default suite" finished-at="2024-12-30T19:31:00 GMT+12:00" duration-ms="56">
    <groups>
    </groups>
    <test started-at="2024-12-30T19:31:00 GMT+12:00" name="Default test" finished-at="2024-12-30T19:31:00 GMT+12:00" duration-ms="56">
      <class name="com.demotest.NewTest">
        <test-method signature="test2()[pri:0, instance:com.demotest.NewTest@2f9f7dcf]" started-at="2024-12-30T19:31:00 GMT+12:00" name="test2" finished-at="2024-12-30T19:31:00 GMT+12:00" duration-ms="12" status="PASS">
          <reporter-output>
          </reporter-output>
        </test-method> <!-- test2 -->
        <test-method signature="test3()[pri:0, instance:com.demotest.NewTest@2f9f7dcf]" started-at="2024-12-30T19:31:00 GMT+12:00" name="test3" finished-at="2024-12-30T19:31:00 GMT+12:00" duration-ms="1" status="PASS">
          <reporter-output>
          </reporter-output>
        </test-method> <!-- test3 -->
      </class> <!-- com.demotest.NewTest -->
    </test> <!-- Default test -->
  </suite> <!-- Default suite -->
</testng-results>
