<?xml version="1.0" encoding="UTF-8"?>
<!-- Generated by org.testng.reporters.JUnitXMLReporter -->
<testsuite ignored="0" hostname="DESKTOP-FHQ2NT0" failures="0" tests="4" name="Default test" time="0.115" errors="0" timestamp="2025-01-13T11:36:08 GMT+12:00">
  <testcase classname="parallelTesting.Test3" name="testMethod10" time="0.009"/>
  <testcase classname="parallelTesting.Test3" name="testMethod11" time="0.001"/>
  <testcase classname="parallelTesting.Test3" name="testMethod8" time="0.001"/>
  <testcase classname="parallelTesting.Test3" name="testMethod9" time="0.001"/>
</testsuite> <!-- Default test -->
