<?xml version="1.0" encoding="UTF-8"?>
<!-- Generated by org.testng.reporters.JUnitXMLReporter -->
<testsuite ignored="3" hostname="DESKTOP-L3CSR6U" failures="0" tests="1" name="Default test" time="0.073" errors="0" timestamp="2025-06-30T14:30:36 IST">
  <testcase classname="parallelTesting.Test3" name="testMethod9" time="0.014"/>
  <testcase classname="parallelTesting.Test3" name="testMethod8" time="0.0">
    <ignored/>
  </testcase> <!-- testMethod8 -->
  <testcase classname="parallelTesting.Test3" name="testMethod11" time="0.0">
    <ignored/>
  </testcase> <!-- testMethod11 -->
  <testcase classname="parallelTesting.Test3" name="testMethod10" time="0.0">
    <ignored/>
  </testcase> <!-- testMethod10 -->
</testsuite> <!-- Default test -->
