<?xml version="1.0" encoding="UTF-8"?>
<!-- Generated by org.testng.reporters.JUnitXMLReporter -->
<testsuite ignored="0" hostname="DESKTOP-FHQ2NT0" failures="0" tests="3" name="Test" time="29.57" errors="0" timestamp="2024-12-31T08:53:55 GMT+12:00">
  <testcase classname="Test_Scenarios.TestMethods_GoogleSearch" name="SearchOperation" time="0.656"/>
  <testcase classname="Test_Scenarios.TestMethods_GoogleSearch" name="verifyandAccessFacebook" time="7.641"/>
  <testcase classname="Test_Scenarios.TestMethods_GoogleSearch" name="verifyLogin" time="11.401"/>
</testsuite> <!-- Test -->
