<?xml version="1.0" encoding="UTF-8"?>
<!-- Generated by org.testng.reporters.JUnitXMLReporter -->
<testsuite ignored="0" hostname="DESKTOP-FHQ2NT0" failures="0" tests="3" name="Default test" time="39.631" errors="0" timestamp="2024-12-31T08:51:27 GMT+12:00">
  <testcase classname="Test_Scenarios.TestMethods_GoogleSearch" name="SearchOperation" time="0.392"/>
  <testcase classname="Test_Scenarios.TestMethods_GoogleSearch" name="verifyandAccessFacebook" time="10.59"/>
  <testcase classname="Test_Scenarios.TestMethods_GoogleSearch" name="verifyLogin" time="17.014"/>
</testsuite> <!-- Default test -->
