<?xml version="1.0" encoding="UTF-8"?>
<testng-results ignored="0" total="1" passed="1" failed="0" skipped="0">
  <reporter-output>
  </reporter-output>
  <suite started-at="2025-01-22T13:52:21 GMT+12:00" name="Default suite" finished-at="2025-01-22T13:53:12 GMT+12:00" duration-ms="50698">
    <groups>
    </groups>
    <test started-at="2025-01-22T13:52:21 GMT+12:00" name="Default test" finished-at="2025-01-22T13:53:12 GMT+12:00" duration-ms="50698">
      <class name="testPOM.LogInTest">
        <test-method is-config="true" signature="setup()[pri:0, instance:testPOM.LogInTest@7eac9008]" started-at="2025-01-22T13:52:21 GMT+12:00" name="setup" finished-at="2025-01-22T13:53:07 GMT+12:00" duration-ms="45706" status="PASS">
          <reporter-output>
          </reporter-output>
        </test-method> <!-- setup -->
        <test-method signature="testLogin()[pri:0, instance:testPOM.LogInTest@7eac9008]" started-at="2025-01-22T13:53:07 GMT+12:00" name="testLogin" finished-at="2025-01-22T13:53:11 GMT+12:00" duration-ms="4175" status="PASS">
          <reporter-output>
          </reporter-output>
        </test-method> <!-- testLogin -->
        <test-method is-config="true" signature="tearDown()[pri:0, instance:testPOM.LogInTest@7eac9008]" started-at="2025-01-22T13:53:11 GMT+12:00" name="tearDown" finished-at="2025-01-22T13:53:12 GMT+12:00" duration-ms="664" status="PASS">
          <reporter-output>
          </reporter-output>
        </test-method> <!-- tearDown -->
      </class> <!-- testPOM.LogInTest -->
    </test> <!-- Default test -->
  </suite> <!-- Default suite -->
</testng-results>
