<?xml version="1.0" encoding="UTF-8"?>
<testng-results ignored="0" total="1" passed="1" failed="0" skipped="0">
  <reporter-output>
  </reporter-output>
  <suite started-at="2025-01-21T18:48:27 GMT+12:00" name="Suite" finished-at="2025-01-21T18:48:34 GMT+12:00" duration-ms="7199">
    <groups>
    </groups>
    <test started-at="2025-01-21T18:48:27 GMT+12:00" name="Test" finished-at="2025-01-21T18:48:34 GMT+12:00" duration-ms="7199">
      <class name="testPOM.LogInTest">
        <test-method is-config="true" signature="setup()[pri:0, instance:testPOM.LogInTest@7eac9008]" started-at="2025-01-21T18:48:27 GMT+12:00" name="setup" finished-at="2025-01-21T18:48:32 GMT+12:00" duration-ms="5199" status="PASS">
          <reporter-output>
          </reporter-output>
        </test-method> <!-- setup -->
        <test-method signature="testLogin()[pri:0, instance:testPOM.LogInTest@7eac9008]" started-at="2025-01-21T18:48:32 GMT+12:00" name="testLogin" finished-at="2025-01-21T18:48:34 GMT+12:00" duration-ms="1716" status="PASS">
          <reporter-output>
          </reporter-output>
        </test-method> <!-- testLogin -->
        <test-method is-config="true" signature="tearDown()[pri:0, instance:testPOM.LogInTest@7eac9008]" started-at="2025-01-21T18:48:34 GMT+12:00" name="tearDown" finished-at="2025-01-21T18:48:34 GMT+12:00" duration-ms="240" status="PASS">
          <reporter-output>
          </reporter-output>
        </test-method> <!-- tearDown -->
      </class> <!-- testPOM.LogInTest -->
    </test> <!-- Test -->
  </suite> <!-- Suite -->
</testng-results>
