<?xml version="1.0" encoding="UTF-8"?>
<testng-results ignored="0" total="3" passed="3" failed="0" skipped="0">
  <reporter-output>
  </reporter-output>
  <suite started-at="2024-12-31T08:53:26 GMT+12:00" name="Suite" finished-at="2024-12-31T08:53:55 GMT+12:00" duration-ms="29570">
    <groups>
    </groups>
    <test started-at="2024-12-31T08:53:26 GMT+12:00" name="Test" finished-at="2024-12-31T08:53:55 GMT+12:00" duration-ms="29570">
      <class name="Test_Scenarios.TestMethods_GoogleSearch">
        <test-method is-config="true" signature="beforetest()[pri:0, instance:Test_Scenarios.TestMethods_GoogleSearch@489115ef]" started-at="2024-12-31T08:53:26 GMT+12:00" name="beforetest" finished-at="2024-12-31T08:53:35 GMT+12:00" duration-ms="9441" status="PASS">
          <reporter-output>
          </reporter-output>
        </test-method> <!-- beforetest -->
        <test-method signature="SearchOperation()[pri:1, instance:Test_Scenarios.TestMethods_GoogleSearch@489115ef]" started-at="2024-12-31T08:53:35 GMT+12:00" name="SearchOperation" finished-at="2024-12-31T08:53:36 GMT+12:00" duration-ms="656" status="PASS">
          <reporter-output>
          </reporter-output>
        </test-method> <!-- SearchOperation -->
        <test-method signature="verifyandAccessFacebook()[pri:2, instance:Test_Scenarios.TestMethods_GoogleSearch@489115ef]" started-at="2024-12-31T08:53:36 GMT+12:00" name="verifyandAccessFacebook" finished-at="2024-12-31T08:53:44 GMT+12:00" duration-ms="7641" status="PASS">
          <reporter-output>
          </reporter-output>
        </test-method> <!-- verifyandAccessFacebook -->
        <test-method signature="verifyLogin()[pri:3, instance:Test_Scenarios.TestMethods_GoogleSearch@489115ef]" started-at="2024-12-31T08:53:44 GMT+12:00" name="verifyLogin" finished-at="2024-12-31T08:53:55 GMT+12:00" duration-ms="11401" status="PASS">
          <reporter-output>
          </reporter-output>
        </test-method> <!-- verifyLogin -->
        <test-method is-config="true" signature="aftertest()[pri:0, instance:Test_Scenarios.TestMethods_GoogleSearch@489115ef]" started-at="2024-12-31T08:53:55 GMT+12:00" name="aftertest" finished-at="2024-12-31T08:53:55 GMT+12:00" duration-ms="329" status="PASS">
          <reporter-output>
          </reporter-output>
        </test-method> <!-- aftertest -->
      </class> <!-- Test_Scenarios.TestMethods_GoogleSearch -->
    </test> <!-- Test -->
  </suite> <!-- Suite -->
</testng-results>
