<?xml version="1.0" encoding="UTF-8"?>
<testng-results ignored="0" total="1" passed="1" failed="0" skipped="0">
  <reporter-output>
  </reporter-output>
  <suite started-at="2025-05-22T08:29:06 IST" name="Default suite" finished-at="2025-05-22T08:29:11 IST" duration-ms="4261">
    <groups>
    </groups>
    <test started-at="2025-05-22T08:29:06 IST" name="Default test" finished-at="2025-05-22T08:29:11 IST" duration-ms="4261">
      <class name="day1.HTTPRequest">
        <test-method signature="getUsers()[pri:1, instance:day1.HTTPRequest@1bd4fdd]" started-at="2025-05-22T08:29:06 IST" name="getUsers" finished-at="2025-05-22T08:29:11 IST" duration-ms="4187" status="PASS">
          <reporter-output>
          </reporter-output>
        </test-method> <!-- getUsers -->
      </class> <!-- day1.HTTPRequest -->
    </test> <!-- Default test -->
  </suite> <!-- Default suite -->
</testng-results>
