<?xml version="1.0" encoding="UTF-8"?>
<!-- Generated by org.testng.reporters.JUnitXMLReporter -->
<testsuite ignored="2" hostname="DESKTOP-FHQ2NT0" failures="0" tests="1" name="Default test" time="2.747" errors="0" timestamp="2025-01-03T09:59:14 GMT+12:00">
  <testcase classname="day4.ParsingJsonRespnseData" name="testParticularObject" time="2.689"/>
  <testcase classname="day4.ParsingJsonRespnseData" name="testWithAssertion" time="0.0">
    <ignored/>
  </testcase> <!-- testWithAssertion -->
  <testcase classname="day4.ParsingJsonRespnseData" name="testJsonResponse" time="0.0">
    <ignored/>
  </testcase> <!-- testJsonResponse -->
</testsuite> <!-- Default test -->
