<?xml version="1.0" encoding="UTF-8"?>
<!-- Generated by org.testng.reporters.JUnitXMLReporter -->
<testsuite ignored="3" hostname="DESKTOP-L3CSR6U" failures="0" tests="1" name="Default test" time="4.261" errors="0" timestamp="2025-05-22T08:29:11 IST">
  <testcase classname="day1.HTTPRequest" name="getUsers" time="4.187"/>
  <testcase classname="day1.HTTPRequest" name="deleteUser" time="0.0">
    <ignored/>
  </testcase> <!-- deleteUser -->
  <testcase classname="day1.HTTPRequest" name="updateUser" time="0.0">
    <ignored/>
  </testcase> <!-- updateUser -->
  <testcase classname="day1.HTTPRequest" name="createUser" time="0.0">
    <ignored/>
  </testcase> <!-- createUser -->
</testsuite> <!-- Default test -->
