<?xml version="1.0" encoding="UTF-8"?>
<!-- Generated by org.testng.reporters.JUnitXMLReporter -->
<testsuite ignored="0" hostname="DESKTOP-L3CSR6U" failures="0" tests="4" name="test1" time="0.116" errors="0" timestamp="2025-06-30T14:30:49 IST">
  <testcase classname="parallelTesting.Test1" name="testMethod2" time="0.014"/>
  <testcase classname="parallelTesting.Test1" name="testMethod1" time="0.014"/>
  <testcase classname="parallelTesting.Test1" name="testMethod3" time="0.003"/>
  <testcase classname="parallelTesting.Test1" name="testMethod4" time="0.003"/>
</testsuite> <!-- test1 -->
