<?xml version="1.0" encoding="UTF-8"?>
<!-- Generated by org.testng.reporters.JUnitXMLReporter -->
<testsuite ignored="0" hostname="DESKTOP-FHQ2NT0" failures="0" tests="3" name="test2" time="0.011" errors="0" timestamp="2025-01-13T11:46:13 GMT+12:00">
  <testcase classname="parallelTesting.Test2" name="testMethod6" time="0.001"/>
  <testcase classname="parallelTesting.Test2" name="testMethod5" time="0.002"/>
  <testcase classname="parallelTesting.Test2" name="testMethod7" time="0.002"/>
</testsuite> <!-- test2 -->
