<?xml version="1.0" encoding="UTF-8"?>
<!-- Generated by org.testng.reporters.JUnitXMLReporter -->
<testsuite ignored="0" hostname="DESKTOP-L3CSR6U" failures="0" tests="4" name="test3" time="0.024" errors="0" timestamp="2025-06-30T14:30:49 IST">
  <testcase classname="parallelTesting.Test3" name="testMethod10" time="0.002"/>
  <testcase classname="parallelTesting.Test3" name="testMethod11" time="0.002"/>
  <testcase classname="parallelTesting.Test3" name="testMethod8" time="0.003"/>
  <testcase classname="parallelTesting.Test3" name="testMethod9" time="0.004"/>
</testsuite> <!-- test3 -->
