<?xml version="1.0" encoding="UTF-8"?>
<!-- Generated by org.testng.reporters.JUnitXMLReporter -->
<testsuite ignored="0" hostname="DESKTOP-FHQ2NT0" failures="0" tests="4" name="test1" time="0.077" errors="0" timestamp="2025-01-13T11:46:13 GMT+12:00">
  <testcase classname="parallelTesting.Test1" name="testMethod1" time="0.017"/>
  <testcase classname="parallelTesting.Test1" name="testMethod2" time="0.017"/>
  <testcase classname="parallelTesting.Test1" name="testMethod4" time="0.002"/>
  <testcase classname="parallelTesting.Test1" name="testMethod3" time="0.004"/>
</testsuite> <!-- test1 -->
