<?xml version="1.0" encoding="UTF-8"?>
<!-- Generated by org.testng.reporters.JUnitXMLReporter -->
<testsuite ignored="0" hostname="DESKTOP-L3CSR6U" failures="0" tests="3" name="test2" time="0.017" errors="0" timestamp="2025-06-30T14:30:49 IST">
  <testcase classname="parallelTesting.Test2" name="testMethod5" time="0.003"/>
  <testcase classname="parallelTesting.Test2" name="testMethod6" time="0.004"/>
  <testcase classname="parallelTesting.Test2" name="testMethod7" time="0.002"/>
</testsuite> <!-- test2 -->
